<?xml version="1.0" encoding="UTF-8"?>
<testsuite name="org.blackberry020.rest.CalculatorControllerTest" tests="3" skipped="0" failures="0" errors="0" timestamp="2024-01-11T08:30:56" hostname="DESKTOP-T3TKNRV" time="1.169">
  <properties/>
  <testcase name="jsonFilesTest()" classname="org.blackberry020.rest.CalculatorControllerTest" time="1.068"/>
  <testcase name="simpleRestControllerTestExample()" classname="org.blackberry020.rest.CalculatorControllerTest" time="0.085"/>
  <testcase name="simpleRestControllerTest()" classname="org.blackberry020.rest.CalculatorControllerTest" time="0.01"/>
  <system-out><![CDATA[11:30:53.014 [Test worker] DEBUG org.springframework.test.context.BootstrapUtils - Instantiating CacheAwareContextLoaderDelegate from class [org.springframework.test.context.cache.DefaultCacheAwareContextLoaderDelegate]
11:30:53.034 [Test worker] DEBUG org.springframework.test.context.BootstrapUtils - Instantiating BootstrapContext using constructor [public org.springframework.test.context.support.DefaultBootstrapContext(java.lang.Class,org.springframework.test.context.CacheAwareContextLoaderDelegate)]
11:30:53.102 [Test worker] DEBUG org.springframework.test.context.BootstrapUtils - Instantiating TestContextBootstrapper for test class [org.blackberry020.rest.CalculatorControllerTest] from class [org.springframework.boot.test.context.SpringBootTestContextBootstrapper]
11:30:53.120 [Test worker] INFO org.springframework.boot.test.context.SpringBootTestContextBootstrapper - Neither @ContextConfiguration nor @ContextHierarchy found for test class [org.blackberry020.rest.CalculatorControllerTest], using SpringBootContextLoader
11:30:53.125 [Test worker] DEBUG org.springframework.test.context.support.AbstractContextLoader - Did not detect default resource location for test class [org.blackberry020.rest.CalculatorControllerTest]: class path resource [org/blackberry020/rest/CalculatorControllerTest-context.xml] does not exist
11:30:53.126 [Test worker] DEBUG org.springframework.test.context.support.AbstractContextLoader - Did not detect default resource location for test class [org.blackberry020.rest.CalculatorControllerTest]: class path resource [org/blackberry020/rest/CalculatorControllerTestContext.groovy] does not exist
11:30:53.126 [Test worker] INFO org.springframework.test.context.support.AbstractContextLoader - Could not detect default resource locations for test class [org.blackberry020.rest.CalculatorControllerTest]: no resource found for suffixes {-context.xml, Context.groovy}.
11:30:53.128 [Test worker] INFO org.springframework.test.context.support.AnnotationConfigContextLoaderUtils - Could not detect default configuration classes for test class [org.blackberry020.rest.CalculatorControllerTest]: CalculatorControllerTest does not declare any static, non-private, non-final, nested classes annotated with @Configuration.
11:30:53.222 [Test worker] DEBUG org.springframework.test.context.support.ActiveProfilesUtils - Could not find an 'annotation declaring class' for annotation type [org.springframework.test.context.ActiveProfiles] and class [org.blackberry020.rest.CalculatorControllerTest]
11:30:53.333 [Test worker] DEBUG org.springframework.context.annotation.ClassPathScanningCandidateComponentProvider - Identified candidate component class: file [D:\programming\university\cross_cutting_project\multiproject\calculator_project\build\classes\java\main\org\blackberry020\CalculatorApplication.class]
11:30:53.335 [Test worker] INFO org.springframework.boot.test.context.SpringBootTestContextBootstrapper - Found @SpringBootConfiguration org.blackberry020.CalculatorApplication for test class org.blackberry020.rest.CalculatorControllerTest
11:30:53.490 [Test worker] DEBUG org.springframework.boot.test.context.SpringBootTestContextBootstrapper - @TestExecutionListeners is not present for class [org.blackberry020.rest.CalculatorControllerTest]: using defaults.
11:30:53.492 [Test worker] INFO org.springframework.boot.test.context.SpringBootTestContextBootstrapper - Loaded default TestExecutionListener class names from location [META-INF/spring.factories]: [org.springframework.boot.test.autoconfigure.restdocs.RestDocsTestExecutionListener, org.springframework.boot.test.autoconfigure.web.client.MockRestServiceServerResetTestExecutionListener, org.springframework.boot.test.autoconfigure.web.servlet.MockMvcPrintOnlyOnFailureTestExecutionListener, org.springframework.boot.test.autoconfigure.web.servlet.WebDriverTestExecutionListener, org.springframework.boot.test.autoconfigure.webservices.client.MockWebServiceServerTestExecutionListener, org.springframework.boot.test.mock.mockito.MockitoTestExecutionListener, org.springframework.boot.test.mock.mockito.ResetMocksTestExecutionListener, org.springframework.test.context.web.ServletTestExecutionListener, org.springframework.test.context.support.DirtiesContextBeforeModesTestExecutionListener, org.springframework.test.context.event.ApplicationEventsTestExecutionListener, org.springframework.test.context.support.DependencyInjectionTestExecutionListener, org.springframework.test.context.support.DirtiesContextTestExecutionListener, org.springframework.test.context.transaction.TransactionalTestExecutionListener, org.springframework.test.context.jdbc.SqlScriptsTestExecutionListener, org.springframework.test.context.event.EventPublishingTestExecutionListener]
11:30:53.510 [Test worker] DEBUG org.springframework.boot.test.context.SpringBootTestContextBootstrapper - Skipping candidate TestExecutionListener [org.springframework.test.context.transaction.TransactionalTestExecutionListener] due to a missing dependency. Specify custom listener classes or make the default listener classes and their required dependencies available. Offending class: [org/springframework/transaction/interceptor/TransactionAttributeSource]
11:30:53.511 [Test worker] DEBUG org.springframework.boot.test.context.SpringBootTestContextBootstrapper - Skipping candidate TestExecutionListener [org.springframework.test.context.jdbc.SqlScriptsTestExecutionListener] due to a missing dependency. Specify custom listener classes or make the default listener classes and their required dependencies available. Offending class: [org/springframework/transaction/interceptor/TransactionAttribute]
11:30:53.511 [Test worker] INFO org.springframework.boot.test.context.SpringBootTestContextBootstrapper - Using TestExecutionListeners: [org.springframework.test.context.web.ServletTestExecutionListener@63cd604c, org.springframework.test.context.support.DirtiesContextBeforeModesTestExecutionListener@40dd3977, org.springframework.test.context.event.ApplicationEventsTestExecutionListener@3a4e343, org.springframework.boot.test.mock.mockito.MockitoTestExecutionListener@6a1d204a, org.springframework.boot.test.autoconfigure.SpringBootDependencyInjectionTestExecutionListener@62dae245, org.springframework.test.context.support.DirtiesContextTestExecutionListener@4b6579e8, org.springframework.test.context.event.EventPublishingTestExecutionListener@6fff253c, org.springframework.boot.test.autoconfigure.restdocs.RestDocsTestExecutionListener@6c6357f9, org.springframework.boot.test.autoconfigure.web.client.MockRestServiceServerResetTestExecutionListener@591e58fa, org.springframework.boot.test.autoconfigure.web.servlet.MockMvcPrintOnlyOnFailureTestExecutionListener@3954d008, org.springframework.boot.test.autoconfigure.web.servlet.WebDriverTestExecutionListener@2f94c4db, org.springframework.boot.test.autoconfigure.webservices.client.MockWebServiceServerTestExecutionListener@593e824f, org.springframework.boot.test.mock.mockito.ResetMocksTestExecutionListener@72ccd81a]
11:30:53.517 [Test worker] DEBUG org.springframework.test.context.support.AbstractDirtiesContextTestExecutionListener - Before test class: context [DefaultTestContext@15a902e7 testClass = CalculatorControllerTest, testInstance = [null], testMethod = [null], testException = [null], mergedContextConfiguration = [WebMergedContextConfiguration@7876d598 testClass = CalculatorControllerTest, locations = '{}', classes = '{class org.blackberry020.CalculatorApplication}', contextInitializerClasses = '[]', activeProfiles = '{}', propertySourceLocations = '{}', propertySourceProperties = '{org.springframework.boot.test.context.SpringBootTestContextBootstrapper=true}', contextCustomizers = set[org.springframework.boot.test.autoconfigure.actuate.metrics.MetricsExportContextCustomizerFactory$DisableMetricExportContextCustomizer@2dc995f4, org.springframework.boot.test.autoconfigure.properties.PropertyMappingContextCustomizer@4b3fa0b3, org.springframework.boot.test.autoconfigure.web.servlet.WebDriverContextCustomizerFactory$Customizer@13d9b21f, [ImportsContextCustomizer@4a3e3e8b key = [org.springframework.boot.test.autoconfigure.web.servlet.MockMvcAutoConfiguration, org.springframework.boot.test.autoconfigure.web.servlet.MockMvcWebClientAutoConfiguration, org.springframework.boot.test.autoconfigure.web.servlet.MockMvcWebDriverAutoConfiguration, org.springframework.boot.autoconfigure.security.oauth2.client.servlet.OAuth2ClientAutoConfiguration, org.springframework.boot.autoconfigure.security.oauth2.resource.servlet.OAuth2ResourceServerAutoConfiguration, org.springframework.boot.autoconfigure.security.servlet.SecurityAutoConfiguration, org.springframework.boot.autoconfigure.security.servlet.SecurityFilterAutoConfiguration, org.springframework.boot.autoconfigure.security.servlet.UserDetailsServiceAutoConfiguration, org.springframework.boot.test.autoconfigure.web.servlet.MockMvcSecurityConfiguration, org.springframework.boot.test.autoconfigure.web.reactive.WebTestClientAutoConfiguration]], org.springframework.boot.test.context.filter.ExcludeFilterContextCustomizer@6e35bc3d, org.springframework.boot.test.json.DuplicateJsonObjectContextCustomizerFactory$DuplicateJsonObjectContextCustomizer@604f2bd2, org.springframework.boot.test.mock.mockito.MockitoContextCustomizer@0, org.springframework.boot.test.web.client.TestRestTemplateContextCustomizer@4b41e4dd, org.springframework.boot.test.context.SpringBootTestArgs@1, org.springframework.boot.test.context.SpringBootTestWebEnvironment@209da20d], resourceBasePath = 'src/main/webapp', contextLoader = 'org.springframework.boot.test.context.SpringBootContextLoader', parent = [null]], attributes = map['org.springframework.test.context.web.ServletTestExecutionListener.activateListener' -> true]], class annotated with @DirtiesContext [false] with mode [null].

  .   ____          _            __ _ _
 /\\ / ___'_ __ _ _(_)_ __  __ _ \ \ \ \
( ( )\___ | '_ | '_| | '_ \/ _` | \ \ \ \
 \\/  ___)| |_)| | | | | || (_| |  ) ) ) )
  '  |____| .__|_| |_|_| |_\__, | / / / /
 =========|_|==============|___/=/_/_/_/
 :: Spring Boot ::                (v2.7.5)

2024-01-11 11:30:54.087  INFO 16716 --- [    Test worker] o.b.rest.CalculatorControllerTest        : Starting CalculatorControllerTest using Java 17.0.9 on DESKTOP-T3TKNRV with PID 16716 (started by frol in D:\programming\university\cross_cutting_project\multiproject\calculator_project)
2024-01-11 11:30:54.090  INFO 16716 --- [    Test worker] o.b.rest.CalculatorControllerTest        : No active profile set, falling back to 1 default profile: "default"
2024-01-11 11:30:56.591  INFO 16716 --- [    Test worker] o.s.b.t.m.w.SpringBootMockServletContext : Initializing Spring TestDispatcherServlet ''
2024-01-11 11:30:56.592  INFO 16716 --- [    Test worker] o.s.t.web.servlet.TestDispatcherServlet  : Initializing Servlet ''
2024-01-11 11:30:56.594  INFO 16716 --- [    Test worker] o.s.t.web.servlet.TestDispatcherServlet  : Completed initialization in 1 ms
2024-01-11 11:30:56.628  INFO 16716 --- [    Test worker] o.b.rest.CalculatorControllerTest        : Started CalculatorControllerTest in 3.048 seconds (JVM running for 4.986)
]]></system-out>
  <system-err><![CDATA[]]></system-err>
</testsuite>
