<?xml version="1.0" encoding="UTF-8"?>
<testsuite name="org.blackberry020.app.MessageUtilsTest" tests="1" skipped="0" failures="0" errors="0" timestamp="2024-01-11T10:14:08" hostname="DESKTOP-T3TKNRV" time="0.016">
  <properties/>
  <testcase name="testGetMessage()" classname="org.blackberry020.app.MessageUtilsTest" time="0.016"/>
  <system-out><![CDATA[]]></system-out>
  <system-err><![CDATA[]]></system-err>
</testsuite>
